# JRE version: OpenJDK Runtime Environment (8.0_152) (build 1.8.0_152-release-1343-b16-5323222)
# Java VM: OpenJDK 64-Bit Server VM (25.152-b16-5323222 mixed mode linux-amd64 compressed oops)
Heap:
 PSYoungGen      total 219136K, used 54764K [0x00000000e0000000, 0x00000000f3800000, 0x0000000100000000)
  eden space 164352K, 0% used [0x00000000e0000000,0x00000000e0000000,0x00000000ea080000)
  from space 54784K, 99% used [0x00000000f0280000,0x00000000f37fb0f0,0x00000000f3800000)
  to   space 41472K, 0% used [0x00000000ea080000,0x00000000ea080000,0x00000000ec900000)
 ParOldGen       total 169472K, used 131343K [0x00000000a0000000, 0x00000000aa580000, 0x00000000e0000000)
  object space 169472K, 77% used [0x00000000a0000000,0x00000000a8043c98,0x00000000aa580000)
 Metaspace       used 63160K, capacity 64463K, committed 64688K, reserved 1105920K
  class space    used 7805K, capacity 8108K, committed 8112K, reserved 1048576K
GC Heap History (10 events):
Event: 10.843 GC heap after
Heap after GC invocations=13 (full 3):
 PSYoungGen      total 147456K, used 18418K [0x00000000e0000000, 0x00000000ebb00000, 0x0000000100000000)
  eden space 129024K, 0% used [0x00000000e0000000,0x00000000e0000000,0x00000000e7e00000)
  from space 18432K, 99% used [0x00000000ea100000,0x00000000eb2fc968,0x00000000eb300000)
  to   space 31232K, 0% used [0x00000000e7e00000,0x00000000e7e00000,0x00000000e9c80000)
 ParOldGen       total 79360K, used 53272K [0x00000000a0000000, 0x00000000a4d80000, 0x00000000e0000000)
  object space 79360K, 67% used [0x00000000a0000000,0x00000000a3406148,0x00000000a4d80000)
 Metaspace       used 48928K, capacity 49801K, committed 50224K, reserved 1093632K
  class space    used 6333K, capacity 6579K, committed 6704K, reserved 1048576K
}
Event: 12.979 GC heap before
{Heap before GC invocations=14 (full 3):
 PSYoungGen      total 147456K, used 147442K [0x00000000e0000000, 0x00000000ebb00000, 0x0000000100000000)
  eden space 129024K, 100% used [0x00000000e0000000,0x00000000e7e00000,0x00000000e7e00000)
  from space 18432K, 99% used [0x00000000ea100000,0x00000000eb2fc968,0x00000000eb300000)
  to   space 31232K, 0% used [0x00000000e7e00000,0x00000000e7e00000,0x00000000e9c80000)
 ParOldGen       total 79360K, used 53272K [0x00000000a0000000, 0x00000000a4d80000, 0x00000000e0000000)
  object space 79360K, 67% used [0x00000000a0000000,0x00000000a3406148,0x00000000a4d80000)
 Metaspace       used 50164K, capacity 51137K, committed 51504K, reserved 1093632K
  class space    used 6355K, capacity 6613K, committed 6704K, reserved 1048576K
Event: 13.059 GC heap after
Heap after GC invocations=14 (full 3):
 PSYoungGen      total 160256K, used 31213K [0x00000000e0000000, 0x00000000efc00000, 0x0000000100000000)
  eden space 129024K, 0% used [0x00000000e0000000,0x00000000e0000000,0x00000000e7e00000)
  from space 31232K, 99% used [0x00000000e7e00000,0x00000000e9c7b520,0x00000000e9c80000)
  to   space 39936K, 0% used [0x00000000ed500000,0x00000000ed500000,0x00000000efc00000)
 ParOldGen       total 79360K, used 63495K [0x00000000a0000000, 0x00000000a4d80000, 0x00000000e0000000)
  object space 79360K, 80% used [0x00000000a0000000,0x00000000a3e01fc0,0x00000000a4d80000)
 Metaspace       used 50164K, capacity 51137K, committed 51504K, reserved 1093632K
  class space    used 6355K, capacity 6613K, committed 6704K, reserved 1048576K
}
Event: 13.059 GC heap before
{Heap before GC invocations=15 (full 4):
 PSYoungGen      total 160256K, used 31213K [0x00000000e0000000, 0x00000000efc00000, 0x0000000100000000)
  eden space 129024K, 0% used [0x00000000e0000000,0x00000000e0000000,0x00000000e7e00000)
  from space 31232K, 99% used [0x00000000e7e00000,0x00000000e9c7b520,0x00000000e9c80000)
  to   space 39936K, 0% used [0x00000000ed500000,0x00000000ed500000,0x00000000efc00000)
 ParOldGen       total 79360K, used 63495K [0x00000000a0000000, 0x00000000a4d80000, 0x00000000e0000000)
  object space 79360K, 80% used [0x00000000a0000000,0x00000000a3e01fc0,0x00000000a4d80000)
 Metaspace       used 50164K, capacity 51137K, committed 51504K, reserved 1093632K
  class space    used 6355K, capacity 6613K, committed 6704K, reserved 1048576K
Event: 13.640 GC heap after
Heap after GC invocations=15 (full 4):
 PSYoungGen      total 160256K, used 2537K [0x00000000e0000000, 0x00000000efc00000, 0x0000000100000000)
  eden space 129024K, 0% used [0x00000000e0000000,0x00000000e0000000,0x00000000e7e00000)
  from space 31232K, 8% used [0x00000000e7e00000,0x00000000e807a528,0x00000000e9c80000)
  to   space 39936K, 0% used [0x00000000ed500000,0x00000000ed500000,0x00000000efc00000)
 ParOldGen       total 169472K, used 78883K [0x00000000a0000000, 0x00000000aa580000, 0x00000000e0000000)
  object space 169472K, 46% used [0x00000000a0000000,0x00000000a4d08ea0,0x00000000aa580000)
 Metaspace       used 50164K, capacity 51137K, committed 51504K, reserved 1093632K
  class space    used 6355K, capacity 6613K, committed 6704K, reserved 1048576K
}
Event: 15.177 GC heap before
{Heap before GC invocations=16 (full 4):
 PSYoungGen      total 160256K, used 131561K [0x00000000e0000000, 0x00000000efc00000, 0x0000000100000000)
  eden space 129024K, 100% used [0x00000000e0000000,0x00000000e7e00000,0x00000000e7e00000)
  from space 31232K, 8% used [0x00000000e7e00000,0x00000000e807a528,0x00000000e9c80000)
  to   space 39936K, 0% used [0x00000000ed500000,0x00000000ed500000,0x00000000efc00000)
 ParOldGen       total 169472K, used 78883K [0x00000000a0000000, 0x00000000aa580000, 0x00000000e0000000)
  object space 169472K, 46% used [0x00000000a0000000,0x00000000a4d08ea0,0x00000000aa580000)
 Metaspace       used 51961K, capacity 52935K, committed 53296K, reserved 1095680K
  class space    used 6628K, capacity 6902K, committed 6960K, reserved 1048576K
Event: 15.265 GC heap after
Heap after GC invocations=16 (full 4):
 PSYoungGen      total 193536K, used 26294K [0x00000000e0000000, 0x00000000ef180000, 0x0000000100000000)
  eden space 164352K, 0% used [0x00000000e0000000,0x00000000e0000000,0x00000000ea080000)
  from space 29184K, 90% used [0x00000000ed500000,0x00000000eeead828,0x00000000ef180000)
  to   space 41472K, 0% used [0x00000000ea080000,0x00000000ea080000,0x00000000ec900000)
 ParOldGen       total 169472K, used 78891K [0x00000000a0000000, 0x00000000aa580000, 0x00000000e0000000)
  object space 169472K, 46% used [0x00000000a0000000,0x00000000a4d0aea0,0x00000000aa580000)
 Metaspace       used 51961K, capacity 52935K, committed 53296K, reserved 1095680K
  class space    used 6628K, capacity 6902K, committed 6960K, reserved 1048576K
}
Event: 17.802 GC heap before
{Heap before GC invocations=17 (full 4):
 PSYoungGen      total 193536K, used 190646K [0x00000000e0000000, 0x00000000ef180000, 0x0000000100000000)
  eden space 164352K, 100% used [0x00000000e0000000,0x00000000ea080000,0x00000000ea080000)
  from space 29184K, 90% used [0x00000000ed500000,0x00000000eeead828,0x00000000ef180000)
  to   space 41472K, 0% used [0x00000000ea080000,0x00000000ea080000,0x00000000ec900000)
 ParOldGen       total 169472K, used 78891K [0x00000000a0000000, 0x00000000aa580000, 0x00000000e0000000)
  object space 169472K, 46% used [0x00000000a0000000,0x00000000a4d0aea0,0x00000000aa580000)
 Metaspace       used 59896K, capacity 61027K, committed 61360K, reserved 1103872K
  class space    used 7532K, capacity 7824K, committed 7856K, reserved 1048576K
Event: 17.905 GC heap after
Heap after GC invocations=17 (full 4):
 PSYoungGen      total 205824K, used 41464K [0x00000000e0000000, 0x00000000f3800000, 0x0000000100000000)
  eden space 164352K, 0% used [0x00000000e0000000,0x00000000e0000000,0x00000000ea080000)
  from space 41472K, 99% used [0x00000000ea080000,0x00000000ec8fe370,0x00000000ec900000)
  to   space 54784K, 0% used [0x00000000f0280000,0x00000000f0280000,0x00000000f3800000)
 ParOldGen       total 169472K, used 95840K [0x00000000a0000000, 0x00000000aa580000, 0x00000000e0000000)
  object space 169472K, 56% used [0x00000000a0000000,0x00000000a5d98398,0x00000000aa580000)
 Metaspace       used 59896K, capacity 61027K, committed 61360K, reserved 1103872K
  class space    used 7532K, capacity 7824K, committed 7856K, reserved 1048576K
}
Event: 20.643 GC heap before
{Heap before GC invocations=18 (full 4):
 PSYoungGen      total 205824K, used 205816K [0x00000000e0000000, 0x00000000f3800000, 0x0000000100000000)
  eden space 164352K, 100% used [0x00000000e0000000,0x00000000ea080000,0x00000000ea080000)
  from space 41472K, 99% used [0x00000000ea080000,0x00000000ec8fe370,0x00000000ec900000)
  to   space 54784K, 0% used [0x00000000f0280000,0x00000000f0280000,0x00000000f3800000)
 ParOldGen       total 169472K, used 95840K [0x00000000a0000000, 0x00000000aa580000, 0x00000000e0000000)
  object space 169472K, 56% used [0x00000000a0000000,0x00000000a5d98398,0x00000000aa580000)
 Metaspace       used 63160K, capacity 64463K, committed 64688K, reserved 1105920K
  class space    used 7805K, capacity 8108K, committed 8112K, reserved 1048576K

